<?xml version="1.0" encoding="UTF-8"?>
<testsuite xmlns:xsi="http://www.w3.org/2001/XMLSchema-instance" xsi:noNamespaceSchemaLocation="https://maven.apache.org/surefire/maven-surefire-plugin/xsd/surefire-test-report.xsd" name="rebotstudio.AppTest" time="0.017" tests="1" errors="0" skipped="0" failures="0">
  <properties>
    <property name="sun.desktop" value="windows"/>
    <property name="awt.toolkit" value="sun.awt.windows.WToolkit"/>
    <property name="file.encoding.pkg" value="sun.io"/>
    <property name="java.specification.version" value="1.8"/>
    <property name="sun.cpu.isalist" value="amd64"/>
    <property name="sun.jnu.encoding" value="GBK"/>
    <property name="java.class.path" value="I:\IdeaProjects\git\travel\travel-interface\target\test-classes;I:\IdeaProjects\git\travel\travel-interface\target\classes;i:\maven-repository\junit\junit\4.11\junit-4.11.jar;i:\maven-repository\org\hamcrest\hamcrest-core\1.3\hamcrest-core-1.3.jar;i:\maven-repository\rebotstudio\travel-pojo\1.0-SNAPSHOT\travel-pojo-1.0-SNAPSHOT.jar;i:\maven-repository\com\alibaba\dubbo\2.6.2\dubbo-2.6.2.jar;i:\maven-repository\org\springframework\spring-context\4.3.16.RELEASE\spring-context-4.3.16.RELEASE.jar;i:\maven-repository\org\javassist\javassist\3.20.0-GA\javassist-3.20.0-GA.jar;i:\maven-repository\org\jboss\netty\netty\3.2.5.Final\netty-3.2.5.Final.jar;i:\maven-repository\org\apache\curator\curator-framework\2.12.0\curator-framework-2.12.0.jar;i:\maven-repository\org\apache\curator\curator-client\2.12.0\curator-client-2.12.0.jar;i:\maven-repository\org\apache\zookeeper\zookeeper\3.4.8\zookeeper-3.4.8.jar;i:\maven-repository\log4j\log4j\1.2.16\log4j-1.2.16.jar;i:\maven-repository\jline\jline\0.9.94\jline-0.9.94.jar;i:\maven-repository\io\netty\netty\3.7.0.Final\netty-3.7.0.Final.jar;i:\maven-repository\com\google\guava\guava\16.0.1\guava-16.0.1.jar;i:\maven-repository\org\slf4j\slf4j-api\1.7.6\slf4j-api-1.7.6.jar;i:\maven-repository\org\springframework\spring-webmvc\4.3.16.RELEASE\spring-webmvc-4.3.16.RELEASE.jar;i:\maven-repository\org\springframework\spring-aop\4.3.16.RELEASE\spring-aop-4.3.16.RELEASE.jar;i:\maven-repository\org\springframework\spring-beans\4.3.16.RELEASE\spring-beans-4.3.16.RELEASE.jar;i:\maven-repository\org\springframework\spring-core\4.3.16.RELEASE\spring-core-4.3.16.RELEASE.jar;i:\maven-repository\commons-logging\commons-logging\1.2\commons-logging-1.2.jar;i:\maven-repository\org\springframework\spring-expression\4.3.16.RELEASE\spring-expression-4.3.16.RELEASE.jar;i:\maven-repository\org\springframework\spring-web\4.3.16.RELEASE\spring-web-4.3.16.RELEASE.jar;i:\maven-repository\org\mybatis\mybatis\3.2.8\mybatis-3.2.8.jar;i:\maven-repository\org\mybatis\mybatis-spring\1.3.2\mybatis-spring-1.3.2.jar;"/>
    <property name="java.vm.vendor" value="Oracle Corporation"/>
    <property name="sun.arch.data.model" value="64"/>
    <property name="user.variant" value=""/>
    <property name="java.vendor.url" value="http://java.oracle.com/"/>
    <property name="user.timezone" value="Asia/Shanghai"/>
    <property name="java.vm.specification.version" value="1.8"/>
    <property name="os.name" value="Windows 7"/>
    <property name="user.country" value="CN"/>
    <property name="sun.java.launcher" value="SUN_STANDARD"/>
    <property name="sun.boot.library.path" value="C:\Program Files\Java\jdk1.8.0_121\jre\bin"/>
    <property name="sun.java.command" value="C:\Users\ADMINI~1\AppData\Local\Temp\surefire5693798584009467141\surefirebooter3275953935426842078.jar C:\Users\Administrator\AppData\Local\Temp\surefire5693798584009467141 2019-07-06T12-39-44_976-jvmRun1 surefire8483684915085522706tmp surefire_03987623136344933827tmp"/>
    <property name="surefire.test.class.path" value="I:\IdeaProjects\git\travel\travel-interface\target\test-classes;I:\IdeaProjects\git\travel\travel-interface\target\classes;i:\maven-repository\junit\junit\4.11\junit-4.11.jar;i:\maven-repository\org\hamcrest\hamcrest-core\1.3\hamcrest-core-1.3.jar;i:\maven-repository\rebotstudio\travel-pojo\1.0-SNAPSHOT\travel-pojo-1.0-SNAPSHOT.jar;i:\maven-repository\com\alibaba\dubbo\2.6.2\dubbo-2.6.2.jar;i:\maven-repository\org\springframework\spring-context\4.3.16.RELEASE\spring-context-4.3.16.RELEASE.jar;i:\maven-repository\org\javassist\javassist\3.20.0-GA\javassist-3.20.0-GA.jar;i:\maven-repository\org\jboss\netty\netty\3.2.5.Final\netty-3.2.5.Final.jar;i:\maven-repository\org\apache\curator\curator-framework\2.12.0\curator-framework-2.12.0.jar;i:\maven-repository\org\apache\curator\curator-client\2.12.0\curator-client-2.12.0.jar;i:\maven-repository\org\apache\zookeeper\zookeeper\3.4.8\zookeeper-3.4.8.jar;i:\maven-repository\log4j\log4j\1.2.16\log4j-1.2.16.jar;i:\maven-repository\jline\jline\0.9.94\jline-0.9.94.jar;i:\maven-repository\io\netty\netty\3.7.0.Final\netty-3.7.0.Final.jar;i:\maven-repository\com\google\guava\guava\16.0.1\guava-16.0.1.jar;i:\maven-repository\org\slf4j\slf4j-api\1.7.6\slf4j-api-1.7.6.jar;i:\maven-repository\org\springframework\spring-webmvc\4.3.16.RELEASE\spring-webmvc-4.3.16.RELEASE.jar;i:\maven-repository\org\springframework\spring-aop\4.3.16.RELEASE\spring-aop-4.3.16.RELEASE.jar;i:\maven-repository\org\springframework\spring-beans\4.3.16.RELEASE\spring-beans-4.3.16.RELEASE.jar;i:\maven-repository\org\springframework\spring-core\4.3.16.RELEASE\spring-core-4.3.16.RELEASE.jar;i:\maven-repository\commons-logging\commons-logging\1.2\commons-logging-1.2.jar;i:\maven-repository\org\springframework\spring-expression\4.3.16.RELEASE\spring-expression-4.3.16.RELEASE.jar;i:\maven-repository\org\springframework\spring-web\4.3.16.RELEASE\spring-web-4.3.16.RELEASE.jar;i:\maven-repository\org\mybatis\mybatis\3.2.8\mybatis-3.2.8.jar;i:\maven-repository\org\mybatis\mybatis-spring\1.3.2\mybatis-spring-1.3.2.jar;"/>
    <property name="sun.cpu.endian" value="little"/>
    <property name="user.home" value="C:\Users\Administrator"/>
    <property name="user.language" value="zh"/>
    <property name="java.specification.vendor" value="Oracle Corporation"/>
    <property name="java.home" value="C:\Program Files\Java\jdk1.8.0_121\jre"/>
    <property name="basedir" value="I:\IdeaProjects\git\travel\travel-interface"/>
    <property name="file.separator" value="\"/>
    <property name="line.separator" value="&#10;"/>
    <property name="java.vm.specification.vendor" value="Oracle Corporation"/>
    <property name="java.specification.name" value="Java Platform API Specification"/>
    <property name="java.awt.graphicsenv" value="sun.awt.Win32GraphicsEnvironment"/>
    <property name="surefire.real.class.path" value="C:\Users\ADMINI~1\AppData\Local\Temp\surefire5693798584009467141\surefirebooter3275953935426842078.jar"/>
    <property name="sun.boot.class.path" value="C:\Program Files\Java\jdk1.8.0_121\jre\lib\resources.jar;C:\Program Files\Java\jdk1.8.0_121\jre\lib\rt.jar;C:\Program Files\Java\jdk1.8.0_121\jre\lib\sunrsasign.jar;C:\Program Files\Java\jdk1.8.0_121\jre\lib\jsse.jar;C:\Program Files\Java\jdk1.8.0_121\jre\lib\jce.jar;C:\Program Files\Java\jdk1.8.0_121\jre\lib\charsets.jar;C:\Program Files\Java\jdk1.8.0_121\jre\lib\jfr.jar;C:\Program Files\Java\jdk1.8.0_121\jre\classes"/>
    <property name="user.script" value=""/>
    <property name="sun.management.compiler" value="HotSpot 64-Bit Tiered Compilers"/>
    <property name="java.runtime.version" value="1.8.0_121-b13"/>
    <property name="user.name" value="Administrator"/>
    <property name="path.separator" value=";"/>
    <property name="os.version" value="6.1"/>
    <property name="java.endorsed.dirs" value="C:\Program Files\Java\jdk1.8.0_121\jre\lib\endorsed"/>
    <property name="java.runtime.name" value="Java(TM) SE Runtime Environment"/>
    <property name="file.encoding" value="GBK"/>
    <property name="java.vm.name" value="Java HotSpot(TM) 64-Bit Server VM"/>
    <property name="localRepository" value="i:\maven-repository"/>
    <property name="java.vendor.url.bug" value="http://bugreport.sun.com/bugreport/"/>
    <property name="java.io.tmpdir" value="C:\Users\ADMINI~1\AppData\Local\Temp\"/>
    <property name="idea.version" value="2018.3.1"/>
    <property name="java.version" value="1.8.0_121"/>
    <property name="user.dir" value="I:\IdeaProjects\git\travel\travel-interface"/>
    <property name="os.arch" value="amd64"/>
    <property name="java.vm.specification.name" value="Java Virtual Machine Specification"/>
    <property name="java.awt.printerjob" value="sun.awt.windows.WPrinterJob"/>
    <property name="sun.os.patch.level" value="Service Pack 1"/>
    <property name="java.library.path" value="C:\Program Files\Java\jdk1.8.0_121\jre\bin;C:\windows\Sun\Java\bin;C:\windows\system32;C:\windows;C:\ProgramData\Oracle\Java\javapath;C:\Program Files (x86)\Common Files\NetSarang;C:\windows\system32;C:\windows;C:\windows\System32\Wbem;C:\windows\System32\WindowsPowerShell\v1.0\;c:\Program Files (x86)\ATI Technologies\ATI.ACE\Core-Static;C:\Program Files (x86)\Java\jdk1.7.0_01\bin;C:\Program Files (x86)\Java\jdk1.7.0_01\jre\bin;C:\Program Files\Microsoft\Web Platform Installer\;C:\Program Files (x86)\Microsoft ASP.NET\ASP.NET Web Pages\v1.0\;C:\Program Files (x86)\Windows Kits\8.0\Windows Performance Toolkit\;C:\Program Files\Microsoft SQL Server\110\Tools\Binn\;F:\amp\apache\bin;F:\amp\mysql\bin;F:\SVN\server\bin;I:\MATLAB7.0\bin\win32;C:\Program Files\opencv\build\x64\vc14\bin;I:\apache-maven-3.6.0\bin;C:\Program Files\Java\jdk1.8.0_121\bin;C:\Users\Administrator\AppData\Local\Programs\Python\Python37;;I:\IDEA\IntelliJ IDEA 2018.3.1\bin;;C:\Program Files\JetBrains\PyCharm 2019.1.1\bin;;."/>
    <property name="java.vm.info" value="mixed mode"/>
    <property name="java.vendor" value="Oracle Corporation"/>
    <property name="java.vm.version" value="25.121-b13"/>
    <property name="java.ext.dirs" value="C:\Program Files\Java\jdk1.8.0_121\jre\lib\ext;C:\windows\Sun\Java\lib\ext"/>
    <property name="sun.io.unicode.encoding" value="UnicodeLittle"/>
    <property name="java.class.version" value="52.0"/>
  </properties>
  <testcase name="shouldAnswerWithTrue" classname="rebotstudio.AppTest" time="0.001"/>
</testsuite>